Wed May 01 11:03:41 CEST 2013 : Apache Derby Network Server - 10.10.1.1 - (1458268) started and ready to accept connections on port 1527
----------------------------------------------------------------
Wed May 01 11:07:47 CEST 2013:
Booting Derby version The Apache Software Foundation - Apache Derby - 10.10.1.1 - (1458268): instance a816c00e-013e-5f55-3a84-ffffa36d79cd 
on database directory /Users/matejkobza/Java/jboss/jboss-book/db-derby/database/jboss-book with class loader sun.misc.Launcher$AppClassLoader@569764bd 
Loaded from file:/Users/matejkobza/Java/jboss/jboss-book/db-derby/lib/derby.jar
java.vendor=Oracle Corporation
java.runtime.version=1.7.0_10-b18
user.dir=/Users/matejkobza/Java/jboss/jboss-book/db-derby
os.name=Mac OS X
os.arch=x86_64
os.version=10.7.5
derby.system.home=/Users/matejkobza/Java/jboss/jboss-book/db-derby/database
Database Class Loader started - derby.database.classpath=''
----------------------------------------------------------------
Wed May 01 15:00:36 CEST 2013: Shutting down Derby engine
----------------------------------------------------------------
Wed May 01 15:00:36 CEST 2013:
Shutting down instance a816c00e-013e-5f55-3a84-ffffa36d79cd on database directory /Users/matejkobza/Java/jboss/jboss-book/db-derby/database/jboss-book with class loader sun.misc.Launcher$AppClassLoader@569764bd 
----------------------------------------------------------------
